<?xml version="1.0" encoding="UTF-8"?>
<!-- Generated by org.testng.reporters.JUnitXMLReporter -->
<testsuite ignored="1" hostname="Bharani" failures="0" tests="5" name="Default test" time="0.056" errors="0" timestamp="2022-10-08T09:06:21 IST">
  <testcase classname="testng.Test1" name="calls" time="0.009"/>
  <testcase classname="testng.Test1" name="calls" time="0.001"/>
  <testcase classname="testng.Test1" name="calls" time="0.0"/>
  <testcase classname="testng.Test1" name="calls" time="0.0"/>
  <testcase classname="testng.Test1" name="chats" time="0.002"/>
  <testcase classname="testng.Test1" name="settings" time="0.0">
    <ignored/>
  </testcase> <!-- settings -->
</testsuite> <!-- Default test -->
